# JRE version: Java(TM) SE Runtime Environment (11.0.2+9) (build 11.0.2+9-LTS)
# Java VM: Java HotSpot(TM) 64-Bit Server VM (11.0.2+9-LTS, mixed mode, tiered, compressed oops, g1 gc, bsd-amd64)
Heap:
 garbage-first heap   total 196608K, used 100952K [0x00000007a0000000, 0x0000000800000000)
  region size 1024K, 59 young (60416K), 12 survivors (12288K)
 Metaspace       used 70265K, capacity 71853K, committed 72192K, reserved 1112064K
  class space    used 9089K, capacity 9622K, committed 9728K, reserved 1048576K
GC Heap History (10 events):
Event: 3.618 GC heap before
{Heap before GC invocations=6 (full 0):
 garbage-first heap   total 163840K, used 55887K [0x00000007a0000000, 0x0000000800000000)
  region size 1024K, 44 young (45056K), 6 survivors (6144K)
 Metaspace       used 34757K, capacity 35259K, committed 35840K, reserved 1081344K
  class space    used 4361K, capacity 4556K, committed 4608K, reserved 1048576K
}
Event: 3.628 GC heap after
{Heap after GC invocations=7 (full 0):
 garbage-first heap   total 163840K, used 20913K [0x00000007a0000000, 0x0000000800000000)
  region size 1024K, 6 young (6144K), 6 survivors (6144K)
 Metaspace       used 34757K, capacity 35259K, committed 35840K, reserved 1081344K
  class space    used 4361K, capacity 4556K, committed 4608K, reserved 1048576K
}
Event: 4.573 GC heap before
{Heap before GC invocations=8 (full 0):
 garbage-first heap   total 163840K, used 99761K [0x00000007a0000000, 0x0000000800000000)
  region size 1024K, 79 young (80896K), 6 survivors (6144K)
 Metaspace       used 39755K, capacity 40485K, committed 41216K, reserved 1085440K
  class space    used 5099K, capacity 5334K, committed 5376K, reserved 1048576K
}
Event: 4.585 GC heap after
{Heap after GC invocations=9 (full 0):
 garbage-first heap   total 163840K, used 34495K [0x00000007a0000000, 0x0000000800000000)
  region size 1024K, 10 young (10240K), 10 survivors (10240K)
 Metaspace       used 39755K, capacity 40485K, committed 41216K, reserved 1085440K
  class space    used 5099K, capacity 5334K, committed 5376K, reserved 1048576K
}
Event: 6.225 GC heap before
{Heap before GC invocations=9 (full 0):
 garbage-first heap   total 163840K, used 112319K [0x00000007a0000000, 0x0000000800000000)
  region size 1024K, 87 young (89088K), 10 survivors (10240K)
 Metaspace       used 49132K, capacity 50033K, committed 50688K, reserved 1093632K
  class space    used 6251K, capacity 6558K, committed 6656K, reserved 1048576K
}
Event: 6.242 GC heap after
{Heap after GC invocations=10 (full 0):
 garbage-first heap   total 196608K, used 42534K [0x00000007a0000000, 0x0000000800000000)
  region size 1024K, 8 young (8192K), 8 survivors (8192K)
 Metaspace       used 49132K, capacity 50033K, committed 50688K, reserved 1093632K
  class space    used 6251K, capacity 6558K, committed 6656K, reserved 1048576K
}
Event: 7.598 GC heap before
{Heap before GC invocations=10 (full 0):
 garbage-first heap   total 196608K, used 124454K [0x00000007a0000000, 0x0000000800000000)
  region size 1024K, 88 young (90112K), 8 survivors (8192K)
 Metaspace       used 58437K, capacity 59600K, committed 60160K, reserved 1101824K
  class space    used 7468K, capacity 7884K, committed 7936K, reserved 1048576K
}
Event: 7.621 GC heap after
{Heap after GC invocations=11 (full 0):
 garbage-first heap   total 196608K, used 48432K [0x00000007a0000000, 0x0000000800000000)
  region size 1024K, 6 young (6144K), 6 survivors (6144K)
 Metaspace       used 58437K, capacity 59600K, committed 60160K, reserved 1101824K
  class space    used 7468K, capacity 7884K, committed 7936K, reserved 1048576K
}
Event: 8.865 GC heap before
{Heap before GC invocations=12 (full 0):
 garbage-first heap   total 196608K, used 138544K [0x00000007a0000000, 0x0000000800000000)
  region size 1024K, 94 young (96256K), 6 survivors (6144K)
 Metaspace       used 66570K, capacity 67978K, committed 68480K, reserved 1107968K
  class space    used 8577K, capacity 9070K, committed 9088K, reserved 1048576K
}
Event: 8.881 GC heap after
{Heap after GC invocations=13 (full 0):
 garbage-first heap   total 196608K, used 53848K [0x00000007a0000000, 0x0000000800000000)
  region size 1024K, 12 young (12288K), 12 survivors (12288K)
 Metaspace       used 66570K, capacity 67978K, committed 68480K, reserved 1107968K
  class space    used 8577K, capacity 9070K, committed 9088K, reserved 1048576K
}

