# JRE version: Java(TM) SE Runtime Environment (11.0.2+9) (build 11.0.2+9-LTS)
# Java VM: Java HotSpot(TM) 64-Bit Server VM (11.0.2+9-LTS, mixed mode, tiered, compressed oops, g1 gc, bsd-amd64)
Heap:
 garbage-first heap   total 236544K, used 199727K [0x00000007a0000000, 0x0000000800000000)
  region size 1024K, 55 young (56320K), 2 survivors (2048K)
 Metaspace       used 159884K, capacity 162748K, committed 163276K, reserved 1191936K
  class space    used 19125K, capacity 20201K, committed 20224K, reserved 1048576K
GC Heap History (10 events):
Event: 111.750 GC heap before
{Heap before GC invocations=69 (full 0):
 garbage-first heap   total 236544K, used 205273K [0x00000007a0000000, 0x0000000800000000)
  region size 1024K, 61 young (62464K), 5 survivors (5120K)
 Metaspace       used 159792K, capacity 162674K, committed 163276K, reserved 1191936K
  class space    used 19125K, capacity 20201K, committed 20224K, reserved 1048576K
}
Event: 111.756 GC heap after
{Heap after GC invocations=70 (full 0):
 garbage-first heap   total 236544K, used 148190K [0x00000007a0000000, 0x0000000800000000)
  region size 1024K, 4 young (4096K), 4 survivors (4096K)
 Metaspace       used 159792K, capacity 162674K, committed 163276K, reserved 1191936K
  class space    used 19125K, capacity 20201K, committed 20224K, reserved 1048576K
}
Event: 112.106 GC heap before
{Heap before GC invocations=70 (full 0):
 garbage-first heap   total 236544K, used 204510K [0x00000007a0000000, 0x0000000800000000)
  region size 1024K, 59 young (60416K), 4 survivors (4096K)
 Metaspace       used 159802K, capacity 162675K, committed 163276K, reserved 1191936K
  class space    used 19125K, capacity 20201K, committed 20224K, reserved 1048576K
}
Event: 112.110 GC heap after
{Heap after GC invocations=71 (full 0):
 garbage-first heap   total 236544K, used 148021K [0x00000007a0000000, 0x0000000800000000)
  region size 1024K, 4 young (4096K), 4 survivors (4096K)
 Metaspace       used 159802K, capacity 162675K, committed 163276K, reserved 1191936K
  class space    used 19125K, capacity 20201K, committed 20224K, reserved 1048576K
}
Event: 112.434 GC heap before
{Heap before GC invocations=71 (full 0):
 garbage-first heap   total 236544K, used 205365K [0x00000007a0000000, 0x0000000800000000)
  region size 1024K, 60 young (61440K), 4 survivors (4096K)
 Metaspace       used 159847K, capacity 162746K, committed 163276K, reserved 1191936K
  class space    used 19125K, capacity 20201K, committed 20224K, reserved 1048576K
}
Event: 112.437 GC heap after
{Heap after GC invocations=72 (full 0):
 garbage-first heap   total 236544K, used 145931K [0x00000007a0000000, 0x0000000800000000)
  region size 1024K, 2 young (2048K), 2 survivors (2048K)
 Metaspace       used 159847K, capacity 162746K, committed 163276K, reserved 1191936K
  class space    used 19125K, capacity 20201K, committed 20224K, reserved 1048576K
}
Event: 112.776 GC heap before
{Heap before GC invocations=72 (full 0):
 garbage-first heap   total 236544K, used 205323K [0x00000007a0000000, 0x0000000800000000)
  region size 1024K, 60 young (61440K), 2 survivors (2048K)
 Metaspace       used 159851K, capacity 162746K, committed 163276K, reserved 1191936K
  class space    used 19125K, capacity 20201K, committed 20224K, reserved 1048576K
}
Event: 112.779 GC heap after
{Heap after GC invocations=73 (full 0):
 garbage-first heap   total 236544K, used 146207K [0x00000007a0000000, 0x0000000800000000)
  region size 1024K, 2 young (2048K), 2 survivors (2048K)
 Metaspace       used 159851K, capacity 162746K, committed 163276K, reserved 1191936K
  class space    used 19125K, capacity 20201K, committed 20224K, reserved 1048576K
}
Event: 113.076 GC heap before
{Heap before GC invocations=73 (full 0):
 garbage-first heap   total 236544K, used 205599K [0x00000007a0000000, 0x0000000800000000)
  region size 1024K, 60 young (61440K), 2 survivors (2048K)
 Metaspace       used 159872K, capacity 162746K, committed 163276K, reserved 1191936K
  class space    used 19125K, capacity 20201K, committed 20224K, reserved 1048576K
}
Event: 113.079 GC heap after
{Heap after GC invocations=74 (full 0):
 garbage-first heap   total 236544K, used 146479K [0x00000007a0000000, 0x0000000800000000)
  region size 1024K, 2 young (2048K), 2 survivors (2048K)
 Metaspace       used 159872K, capacity 162746K, committed 163276K, reserved 1191936K
  class space    used 19125K, capacity 20201K, committed 20224K, reserved 1048576K
}

